<?xml version="1.0" encoding="UTF-8"?>
<!-- Generated by org.testng.reporters.JUnitReportReporter -->
<testsuite hostname="Rahuls-MacBook-Air.local" failures="0" tests="6" name="com.org.tests.AmazonReviewTest" time="45.829" errors="0" timestamp="23 Jun 2021 06:38:03 GMT" skipped="0">
  <testcase classname="com.org.tests.AmazonReviewTest" name="validateEditReview" time="10.940"/>
  <testcase classname="com.org.tests.AmazonReviewTest" name="validateDataProvider" time="3.081"/>
  <testcase classname="com.org.tests.AmazonReviewTest" name="validateAddReviewWithImage" time="11.795"/>
  <testcase classname="com.org.tests.AmazonReviewTest" name="validateAddReviewWithUnwantedImage" time="11.969"/>
  <testcase classname="com.org.tests.AmazonReviewTest" name="validatesortingReview" time="6.666"/>
  <testcase classname="com.org.tests.AmazonReviewTest" name="validateStoreReviewData" time="1.378"/>
</testsuite> <!-- com.org.tests.AmazonReviewTest -->
