<?xml version="1.0" encoding="UTF-8"?>
<!-- Generated by org.testng.reporters.JUnitReportReporter -->
<testsuite hostname="Rahuls-MacBook-Air.local" failures="0" tests="6" name="com.org.tests.AmazonReviewTest" time="43.855" errors="0" timestamp="22 Jun 2021 09:04:24 GMT" skipped="0">
  <testcase classname="com.org.tests.AmazonReviewTest" name="validateEditReview" time="10.100"/>
  <testcase classname="com.org.tests.AmazonReviewTest" name="validateDataProvider" time="2.792"/>
  <testcase classname="com.org.tests.AmazonReviewTest" name="validateAddReviewWithImage" time="11.172"/>
  <testcase classname="com.org.tests.AmazonReviewTest" name="validateAddReviewWithUnwantedImage" time="11.648"/>
  <testcase classname="com.org.tests.AmazonReviewTest" name="validatesortingReview" time="6.635"/>
  <testcase classname="com.org.tests.AmazonReviewTest" name="validateStoreReviewData" time="1.508"/>
</testsuite> <!-- com.org.tests.AmazonReviewTest -->
