<?xml version="1.0" encoding="UTF-8"?>
<!-- Generated by org.testng.reporters.JUnitReportReporter -->
<testsuite hostname="Rahuls-MacBook-Air.local" failures="0" tests="7" name="com.org.tests.AmazonSearchBarTests" time="20.285" errors="0" timestamp="13 Jun 2021 11:06:00 GMT" skipped="0">
  <testcase classname="com.org.tests.AmazonSearchBarTests" name="validateClearOnSearchBar" time="0.393"/>
  <testcase classname="com.org.tests.AmazonSearchBarTests" name="validateClickOnSearchButton" time="0.790"/>
  <testcase classname="com.org.tests.AmazonSearchBarTests" name="validateSearchDataSuggestions" time="5.181"/>
  <testcase classname="com.org.tests.AmazonSearchBarTests" name="validateDepartmentProductName" time="3.343"/>
  <testcase classname="com.org.tests.AmazonSearchBarTests" name="validateCopySearchBarValue" time="5.246"/>
  <testcase classname="com.org.tests.AmazonSearchBarTests" name="validateHighlightText" time="3.108"/>
  <testcase classname="com.org.tests.AmazonSearchBarTests" name="validateProductNameAfterSearch" time="2.224"/>
</testsuite> <!-- com.org.tests.AmazonSearchBarTests -->
